0 info it worked if it ends with ok
1 verbose cli [ '/home/ubuntu/.meteor/packages/meteor-tool/.1.4.1_1.139xb76++os.linux.x86_64+web.browser+web.cordova/mt-os.linux.x86_64/dev_bundle/bin/node',
1 verbose cli   '/home/ubuntu/.meteor/packages/meteor-tool/.1.4.1_1.139xb76++os.linux.x86_64+web.browser+web.cordova/mt-os.linux.x86_64/dev_bundle/bin/npm',
1 verbose cli   'install' ]
2 info using npm@3.10.6
3 info using node@v4.5.0
4 silly loadCurrentTree Starting
5 silly install loadCurrentTree
6 silly install readLocalPackageData
7 silly install normalizeTree
8 silly loadCurrentTree Finishing
9 silly loadIdealTree Starting
10 silly install loadIdealTree
11 silly cloneCurrentTree Starting
12 silly install cloneCurrentTreeToIdealTree
13 silly cloneCurrentTree Finishing
14 silly loadShrinkwrap Starting
15 silly install loadShrinkwrap
16 silly loadShrinkwrap Finishing
17 silly loadAllDepsIntoIdealTree Starting
18 silly install loadAllDepsIntoIdealTree
19 silly fetchNamedPackageData massive
20 silly mapToRegistry name massive
21 silly mapToRegistry using default registry
22 silly mapToRegistry registry https://registry.npmjs.org/
23 silly mapToRegistry data Result {
23 silly mapToRegistry   raw: 'massive',
23 silly mapToRegistry   scope: null,
23 silly mapToRegistry   escapedName: 'massive',
23 silly mapToRegistry   name: 'massive',
23 silly mapToRegistry   rawSpec: '',
23 silly mapToRegistry   spec: 'latest',
23 silly mapToRegistry   type: 'tag' }
24 silly mapToRegistry uri https://registry.npmjs.org/massive
25 verbose request uri https://registry.npmjs.org/massive
26 verbose request no auth needed
27 info attempt registry request try #1 at 9:59:53 AM
28 verbose request id 441da809a531dcaf
29 verbose etag "5NM0QDUHKAT4H29CPHAIAX372"
30 http request GET https://registry.npmjs.org/massive
31 http 304 https://registry.npmjs.org/massive
32 verbose headers { date: 'Sun, 25 Sep 2016 09:59:54 GMT',
32 verbose headers   via: '1.1 varnish',
32 verbose headers   'cache-control': 'max-age=300',
32 verbose headers   etag: '"5NM0QDUHKAT4H29CPHAIAX372"',
32 verbose headers   age: '70',
32 verbose headers   connection: 'keep-alive',
32 verbose headers   'x-served-by': 'cache-ord1720-ORD',
32 verbose headers   'x-cache': 'HIT',
32 verbose headers   'x-cache-hits': '1',
32 verbose headers   'x-timer': 'S1474797594.050350,VS0,VE0',
32 verbose headers   vary: 'Accept-Encoding' }
33 silly get cb [ 304,
33 silly get   { date: 'Sun, 25 Sep 2016 09:59:54 GMT',
33 silly get     via: '1.1 varnish',
33 silly get     'cache-control': 'max-age=300',
33 silly get     etag: '"5NM0QDUHKAT4H29CPHAIAX372"',
33 silly get     age: '70',
33 silly get     connection: 'keep-alive',
33 silly get     'x-served-by': 'cache-ord1720-ORD',
33 silly get     'x-cache': 'HIT',
33 silly get     'x-cache-hits': '1',
33 silly get     'x-timer': 'S1474797594.050350,VS0,VE0',
33 silly get     vary: 'Accept-Encoding' } ]
34 verbose etag https://registry.npmjs.org/massive from cache
35 verbose get saving massive to /home/ubuntu/.npm/registry.npmjs.org/massive/.cache.json
36 verbose correctMkdir /home/ubuntu/.npm correctMkdir not in flight; initializing
37 silly resolveWithNewModule massive@2.0.4 checking installable status
38 silly cache add args [ 'massive@2.0.4', null ]
39 verbose cache add spec massive@2.0.4
40 silly cache add parsed spec Result {
40 silly cache add   raw: 'massive@2.0.4',
40 silly cache add   scope: null,
40 silly cache add   escapedName: 'massive',
40 silly cache add   name: 'massive',
40 silly cache add   rawSpec: '2.0.4',
40 silly cache add   spec: '2.0.4',
40 silly cache add   type: 'version' }
41 silly addNamed massive@2.0.4
42 verbose addNamed "2.0.4" is a plain semver version for massive
43 silly mapToRegistry name massive
44 silly mapToRegistry using default registry
45 silly mapToRegistry registry https://registry.npmjs.org/
46 silly mapToRegistry data Result {
46 silly mapToRegistry   raw: 'massive',
46 silly mapToRegistry   scope: null,
46 silly mapToRegistry   escapedName: 'massive',
46 silly mapToRegistry   name: 'massive',
46 silly mapToRegistry   rawSpec: '',
46 silly mapToRegistry   spec: 'latest',
46 silly mapToRegistry   type: 'tag' }
47 silly mapToRegistry uri https://registry.npmjs.org/massive
48 verbose addNameVersion registry:https://registry.npmjs.org/massive not in flight; fetching
49 verbose get https://registry.npmjs.org/massive not expired, no request
50 silly cache afterAdd massive@2.0.4
51 verbose afterAdd /home/ubuntu/.npm/massive/2.0.4/package/package.json not in flight; writing
52 verbose correctMkdir /home/ubuntu/.npm correctMkdir not in flight; initializing
53 verbose afterAdd /home/ubuntu/.npm/massive/2.0.4/package/package.json written
54 silly fetchNamedPackageData deasync
55 silly mapToRegistry name deasync
56 silly mapToRegistry using default registry
57 silly mapToRegistry registry https://registry.npmjs.org/
58 silly mapToRegistry data Result {
58 silly mapToRegistry   raw: 'deasync',
58 silly mapToRegistry   scope: null,
58 silly mapToRegistry   escapedName: 'deasync',
58 silly mapToRegistry   name: 'deasync',
58 silly mapToRegistry   rawSpec: '',
58 silly mapToRegistry   spec: 'latest',
58 silly mapToRegistry   type: 'tag' }
59 silly mapToRegistry uri https://registry.npmjs.org/deasync
60 verbose request uri https://registry.npmjs.org/deasync
61 verbose request no auth needed
62 info attempt registry request try #1 at 9:59:54 AM
63 verbose etag "CLCGQ34DOXUILDOPE7JF2UFIV"
64 http request GET https://registry.npmjs.org/deasync
65 http 304 https://registry.npmjs.org/deasync
66 verbose headers { date: 'Sun, 25 Sep 2016 09:59:54 GMT',
66 verbose headers   via: '1.1 varnish',
66 verbose headers   'cache-control': 'max-age=300',
66 verbose headers   etag: '"CLCGQ34DOXUILDOPE7JF2UFIV"',
66 verbose headers   age: '67',
66 verbose headers   connection: 'keep-alive',
66 verbose headers   'x-served-by': 'cache-ord1720-ORD',
66 verbose headers   'x-cache': 'HIT',
66 verbose headers   'x-cache-hits': '1',
66 verbose headers   'x-timer': 'S1474797594.139413,VS0,VE0',
66 verbose headers   vary: 'Accept-Encoding' }
67 silly get cb [ 304,
67 silly get   { date: 'Sun, 25 Sep 2016 09:59:54 GMT',
67 silly get     via: '1.1 varnish',
67 silly get     'cache-control': 'max-age=300',
67 silly get     etag: '"CLCGQ34DOXUILDOPE7JF2UFIV"',
67 silly get     age: '67',
67 silly get     connection: 'keep-alive',
67 silly get     'x-served-by': 'cache-ord1720-ORD',
67 silly get     'x-cache': 'HIT',
67 silly get     'x-cache-hits': '1',
67 silly get     'x-timer': 'S1474797594.139413,VS0,VE0',
67 silly get     vary: 'Accept-Encoding' } ]
68 verbose etag https://registry.npmjs.org/deasync from cache
69 verbose get saving deasync to /home/ubuntu/.npm/registry.npmjs.org/deasync/.cache.json
70 verbose correctMkdir /home/ubuntu/.npm correctMkdir not in flight; initializing
71 silly resolveWithNewModule deasync@0.0.10 checking installable status
72 silly cache add args [ 'deasync@^0.0.10', null ]
73 verbose cache add spec deasync@^0.0.10
74 silly cache add parsed spec Result {
74 silly cache add   raw: 'deasync@^0.0.10',
74 silly cache add   scope: null,
74 silly cache add   escapedName: 'deasync',
74 silly cache add   name: 'deasync',
74 silly cache add   rawSpec: '^0.0.10',
74 silly cache add   spec: '>=0.0.10 <0.0.11',
74 silly cache add   type: 'range' }
75 silly addNamed deasync@>=0.0.10 <0.0.11
76 verbose addNamed ">=0.0.10 <0.0.11" is a valid semver range for deasync
77 silly addNameRange { name: 'deasync', range: '>=0.0.10 <0.0.11', hasData: false }
78 silly mapToRegistry name deasync
79 silly mapToRegistry using default registry
80 silly mapToRegistry registry https://registry.npmjs.org/
81 silly mapToRegistry data Result {
81 silly mapToRegistry   raw: 'deasync',
81 silly mapToRegistry   scope: null,
81 silly mapToRegistry   escapedName: 'deasync',
81 silly mapToRegistry   name: 'deasync',
81 silly mapToRegistry   rawSpec: '',
81 silly mapToRegistry   spec: 'latest',
81 silly mapToRegistry   type: 'tag' }
82 silly mapToRegistry uri https://registry.npmjs.org/deasync
83 verbose addNameRange registry:https://registry.npmjs.org/deasync not in flight; fetching
84 verbose get https://registry.npmjs.org/deasync not expired, no request
85 silly addNameRange number 2 { name: 'deasync', range: '>=0.0.10 <0.0.11', hasData: true }
86 silly addNameRange versions [ 'deasync',
86 silly addNameRange   [ '0.0.3',
86 silly addNameRange     '0.0.4',
86 silly addNameRange     '0.0.5',
86 silly addNameRange     '0.0.6',
86 silly addNameRange     '0.0.7',
86 silly addNameRange     '0.0.8',
86 silly addNameRange     '0.0.9',
86 silly addNameRange     '0.0.10',
86 silly addNameRange     '0.1.0',
86 silly addNameRange     '0.1.1',
86 silly addNameRange     '0.1.2',
86 silly addNameRange     '0.1.3',
86 silly addNameRange     '0.1.4',
86 silly addNameRange     '0.1.5',
86 silly addNameRange     '0.1.6',
86 silly addNameRange     '0.1.7' ] ]
87 silly addNamed deasync@0.0.10
88 verbose addNamed "0.0.10" is a plain semver version for deasync
89 silly cache afterAdd deasync@0.0.10
90 verbose afterAdd /home/ubuntu/.npm/deasync/0.0.10/package/package.json not in flight; writing
91 verbose correctMkdir /home/ubuntu/.npm correctMkdir not in flight; initializing
92 verbose afterAdd /home/ubuntu/.npm/deasync/0.0.10/package/package.json written
93 silly fetchNamedPackageData bindings
94 silly mapToRegistry name bindings
95 silly mapToRegistry using default registry
96 silly mapToRegistry registry https://registry.npmjs.org/
97 silly mapToRegistry data Result {
97 silly mapToRegistry   raw: 'bindings',
97 silly mapToRegistry   scope: null,
97 silly mapToRegistry   escapedName: 'bindings',
97 silly mapToRegistry   name: 'bindings',
97 silly mapToRegistry   rawSpec: '',
97 silly mapToRegistry   spec: 'latest',
97 silly mapToRegistry   type: 'tag' }
98 silly mapToRegistry uri https://registry.npmjs.org/bindings
99 silly fetchNamedPackageData nan
100 silly mapToRegistry name nan
101 silly mapToRegistry using default registry
102 silly mapToRegistry registry https://registry.npmjs.org/
103 silly mapToRegistry data Result {
103 silly mapToRegistry   raw: 'nan',
103 silly mapToRegistry   scope: null,
103 silly mapToRegistry   escapedName: 'nan',
103 silly mapToRegistry   name: 'nan',
103 silly mapToRegistry   rawSpec: '',
103 silly mapToRegistry   spec: 'latest',
103 silly mapToRegistry   type: 'tag' }
104 silly mapToRegistry uri https://registry.npmjs.org/nan
105 verbose request uri https://registry.npmjs.org/bindings
106 verbose request no auth needed
107 info attempt registry request try #1 at 9:59:54 AM
108 verbose etag "C1AW6UVQGY4VZQGFC1WTIGMDV"
109 http request GET https://registry.npmjs.org/bindings
110 verbose request uri https://registry.npmjs.org/nan
111 verbose request no auth needed
112 info attempt registry request try #1 at 9:59:54 AM
113 verbose etag "1YJEPM5V4XH0MZT0HV3B8R9BB"
114 http request GET https://registry.npmjs.org/nan
115 http 304 https://registry.npmjs.org/bindings
116 verbose headers { date: 'Sun, 25 Sep 2016 09:59:54 GMT',
116 verbose headers   via: '1.1 varnish',
116 verbose headers   'cache-control': 'max-age=300',
116 verbose headers   etag: '"C1AW6UVQGY4VZQGFC1WTIGMDV"',
116 verbose headers   age: '188',
116 verbose headers   connection: 'keep-alive',
116 verbose headers   'x-served-by': 'cache-ord1720-ORD',
116 verbose headers   'x-cache': 'HIT',
116 verbose headers   'x-cache-hits': '1',
116 verbose headers   'x-timer': 'S1474797594.205993,VS0,VE0',
116 verbose headers   vary: 'Accept-Encoding' }
117 silly get cb [ 304,
117 silly get   { date: 'Sun, 25 Sep 2016 09:59:54 GMT',
117 silly get     via: '1.1 varnish',
117 silly get     'cache-control': 'max-age=300',
117 silly get     etag: '"C1AW6UVQGY4VZQGFC1WTIGMDV"',
117 silly get     age: '188',
117 silly get     connection: 'keep-alive',
117 silly get     'x-served-by': 'cache-ord1720-ORD',
117 silly get     'x-cache': 'HIT',
117 silly get     'x-cache-hits': '1',
117 silly get     'x-timer': 'S1474797594.205993,VS0,VE0',
117 silly get     vary: 'Accept-Encoding' } ]
118 verbose etag https://registry.npmjs.org/bindings from cache
119 verbose get saving bindings to /home/ubuntu/.npm/registry.npmjs.org/bindings/.cache.json
120 verbose correctMkdir /home/ubuntu/.npm correctMkdir not in flight; initializing
121 silly resolveWithNewModule bindings@1.1.1 checking installable status
122 silly cache add args [ 'bindings@~1.1.1', null ]
123 verbose cache add spec bindings@~1.1.1
124 silly cache add parsed spec Result {
124 silly cache add   raw: 'bindings@~1.1.1',
124 silly cache add   scope: null,
124 silly cache add   escapedName: 'bindings',
124 silly cache add   name: 'bindings',
124 silly cache add   rawSpec: '~1.1.1',
124 silly cache add   spec: '>=1.1.1 <1.2.0',
124 silly cache add   type: 'range' }
125 silly addNamed bindings@>=1.1.1 <1.2.0
126 verbose addNamed ">=1.1.1 <1.2.0" is a valid semver range for bindings
127 silly addNameRange { name: 'bindings', range: '>=1.1.1 <1.2.0', hasData: false }
128 silly mapToRegistry name bindings
129 silly mapToRegistry using default registry
130 silly mapToRegistry registry https://registry.npmjs.org/
131 silly mapToRegistry data Result {
131 silly mapToRegistry   raw: 'bindings',
131 silly mapToRegistry   scope: null,
131 silly mapToRegistry   escapedName: 'bindings',
131 silly mapToRegistry   name: 'bindings',
131 silly mapToRegistry   rawSpec: '',
131 silly mapToRegistry   spec: 'latest',
131 silly mapToRegistry   type: 'tag' }
132 silly mapToRegistry uri https://registry.npmjs.org/bindings
133 verbose addNameRange registry:https://registry.npmjs.org/bindings not in flight; fetching
134 verbose get https://registry.npmjs.org/bindings not expired, no request
135 silly addNameRange number 2 { name: 'bindings', range: '>=1.1.1 <1.2.0', hasData: true }
136 silly addNameRange versions [ 'bindings',
136 silly addNameRange   [ '0.0.1',
136 silly addNameRange     '0.1.0',
136 silly addNameRange     '0.1.1',
136 silly addNameRange     '0.2.0',
136 silly addNameRange     '0.2.1',
136 silly addNameRange     '0.2.2',
136 silly addNameRange     '0.2.3',
136 silly addNameRange     '0.2.4',
136 silly addNameRange     '0.3.0',
136 silly addNameRange     '0.4.0',
136 silly addNameRange     '1.0.0',
136 silly addNameRange     '1.1.0',
136 silly addNameRange     '1.1.1',
136 silly addNameRange     '1.2.0',
136 silly addNameRange     '1.2.1' ] ]
137 silly addNamed bindings@1.1.1
138 verbose addNamed "1.1.1" is a plain semver version for bindings
139 silly cache afterAdd bindings@1.1.1
140 verbose afterAdd /home/ubuntu/.npm/bindings/1.1.1/package/package.json not in flight; writing
141 verbose correctMkdir /home/ubuntu/.npm correctMkdir not in flight; initializing
142 verbose afterAdd /home/ubuntu/.npm/bindings/1.1.1/package/package.json written
143 http 304 https://registry.npmjs.org/nan
144 verbose headers { date: 'Sun, 25 Sep 2016 09:59:54 GMT',
144 verbose headers   via: '1.1 varnish',
144 verbose headers   'cache-control': 'max-age=300',
144 verbose headers   etag: '"1YJEPM5V4XH0MZT0HV3B8R9BB"',
144 verbose headers   age: '110',
144 verbose headers   connection: 'keep-alive',
144 verbose headers   'x-served-by': 'cache-ord1736-ORD',
144 verbose headers   'x-cache': 'HIT',
144 verbose headers   'x-cache-hits': '4',
144 verbose headers   'x-timer': 'S1474797594.238753,VS0,VE0',
144 verbose headers   vary: 'Accept-Encoding' }
145 silly get cb [ 304,
145 silly get   { date: 'Sun, 25 Sep 2016 09:59:54 GMT',
145 silly get     via: '1.1 varnish',
145 silly get     'cache-control': 'max-age=300',
145 silly get     etag: '"1YJEPM5V4XH0MZT0HV3B8R9BB"',
145 silly get     age: '110',
145 silly get     connection: 'keep-alive',
145 silly get     'x-served-by': 'cache-ord1736-ORD',
145 silly get     'x-cache': 'HIT',
145 silly get     'x-cache-hits': '4',
145 silly get     'x-timer': 'S1474797594.238753,VS0,VE0',
145 silly get     vary: 'Accept-Encoding' } ]
146 verbose etag https://registry.npmjs.org/nan from cache
147 verbose get saving nan to /home/ubuntu/.npm/registry.npmjs.org/nan/.cache.json
148 verbose correctMkdir /home/ubuntu/.npm correctMkdir not in flight; initializing
149 silly resolveWithNewModule nan@1.9.0 checking installable status
150 silly cache add args [ 'nan@^1.6.1', null ]
151 verbose cache add spec nan@^1.6.1
152 silly cache add parsed spec Result {
152 silly cache add   raw: 'nan@^1.6.1',
152 silly cache add   scope: null,
152 silly cache add   escapedName: 'nan',
152 silly cache add   name: 'nan',
152 silly cache add   rawSpec: '^1.6.1',
152 silly cache add   spec: '>=1.6.1 <2.0.0',
152 silly cache add   type: 'range' }
153 silly addNamed nan@>=1.6.1 <2.0.0
154 verbose addNamed ">=1.6.1 <2.0.0" is a valid semver range for nan
155 silly addNameRange { name: 'nan', range: '>=1.6.1 <2.0.0', hasData: false }
156 silly mapToRegistry name nan
157 silly mapToRegistry using default registry
158 silly mapToRegistry registry https://registry.npmjs.org/
159 silly mapToRegistry data Result {
159 silly mapToRegistry   raw: 'nan',
159 silly mapToRegistry   scope: null,
159 silly mapToRegistry   escapedName: 'nan',
159 silly mapToRegistry   name: 'nan',
159 silly mapToRegistry   rawSpec: '',
159 silly mapToRegistry   spec: 'latest',
159 silly mapToRegistry   type: 'tag' }
160 silly mapToRegistry uri https://registry.npmjs.org/nan
161 verbose addNameRange registry:https://registry.npmjs.org/nan not in flight; fetching
162 verbose get https://registry.npmjs.org/nan not expired, no request
163 silly addNameRange number 2 { name: 'nan', range: '>=1.6.1 <2.0.0', hasData: true }
164 silly addNameRange versions [ 'nan',
164 silly addNameRange   [ '0.3.0-wip',
164 silly addNameRange     '0.3.0-wip2',
164 silly addNameRange     '0.3.0',
164 silly addNameRange     '0.3.1',
164 silly addNameRange     '0.3.2',
164 silly addNameRange     '0.4.0',
164 silly addNameRange     '0.4.1',
164 silly addNameRange     '0.4.2',
164 silly addNameRange     '0.4.3',
164 silly addNameRange     '0.4.4',
164 silly addNameRange     '0.5.0',
164 silly addNameRange     '0.5.1',
164 silly addNameRange     '0.5.2',
164 silly addNameRange     '0.6.0',
164 silly addNameRange     '0.7.0',
164 silly addNameRange     '0.7.1',
164 silly addNameRange     '0.8.0',
164 silly addNameRange     '1.0.0',
164 silly addNameRange     '1.1.0',
164 silly addNameRange     '1.1.1',
164 silly addNameRange     '1.1.2',
164 silly addNameRange     '1.2.0',
164 silly addNameRange     '1.3.0',
164 silly addNameRange     '1.4.0',
164 silly addNameRange     '1.4.1',
164 silly addNameRange     '1.5.0',
164 silly addNameRange     '1.4.2',
164 silly addNameRange     '1.4.3',
164 silly addNameRange     '1.5.1',
164 silly addNameRange     '1.5.2',
164 silly addNameRange     '1.6.0',
164 silly addNameRange     '1.5.3',
164 silly addNameRange     '1.6.1',
164 silly addNameRange     '1.6.2',
164 silly addNameRange     '1.7.0',
164 silly addNameRange     '1.8.0',
164 silly addNameRange     '1.8.1',
164 silly addNameRange     '1.8.2',
164 silly addNameRange     '1.8.3',
164 silly addNameRange     '1.8.4',
164 silly addNameRange     '1.9.0',
164 silly addNameRange     '2.0.0',
164 silly addNameRange     '2.0.1',
164 silly addNameRange     '2.0.2',
164 silly addNameRange     '2.0.3',
164 silly addNameRange     '2.0.4',
164 silly addNameRange     '2.0.5',
164 silly addNameRange     '2.0.6',
164 silly addNameRange     '2.0.7',
164 silly addNameRange     '2.0.8',
164 silly addNameRange     '2.0.9',
164 silly addNameRange     '2.1.0',
164 silly addNameRange     '2.2.0',
164 silly addNameRange     '2.2.1',
164 silly addNameRange     '2.3.0',
164 silly addNameRange     '2.3.1',
164 silly addNameRange     '2.3.2',
164 silly addNameRange     '2.3.3',
164 silly addNameRange     '2.3.4',
164 silly addNameRange     '2.3.5',
164 silly addNameRange     '2.4.0' ] ]
165 silly addNamed nan@1.9.0
166 verbose addNamed "1.9.0" is a plain semver version for nan
167 silly cache afterAdd nan@1.9.0
168 verbose afterAdd /home/ubuntu/.npm/nan/1.9.0/package/package.json not in flight; writing
169 verbose correctMkdir /home/ubuntu/.npm correctMkdir not in flight; initializing
170 verbose afterAdd /home/ubuntu/.npm/nan/1.9.0/package/package.json written
171 silly loadAllDepsIntoIdealTree Finishing
172 silly loadIdealTree Finishing
173 silly currentTree pelicula@
173 silly currentTree ├── ap@0.2.0
173 silly currentTree ├── args-js@0.10.12
173 silly currentTree ├── async@0.9.2
173 silly currentTree ├── balanced-match@0.4.2
173 silly currentTree ├── bcrypt@0.8.7
173 silly currentTree ├── bindings@1.2.1
173 silly currentTree ├── bluebird@2.11.0
173 silly currentTree ├── brace-expansion@1.1.6
173 silly currentTree ├── buffer-writer@1.0.1
173 silly currentTree ├── commander@2.9.0
173 silly currentTree ├── concat-map@0.0.1
173 silly currentTree ├── generic-pool@2.4.2
173 silly currentTree ├── glob@4.5.3
173 silly currentTree ├── graceful-readlink@1.0.1
173 silly currentTree ├── inflight@1.0.5
173 silly currentTree ├── inherits@2.0.3
173 silly currentTree ├── lodash@3.10.1
173 silly currentTree ├─┬ meteor-node-stubs@0.2.3
173 silly currentTree │ ├── assert@1.3.0
173 silly currentTree │ ├─┬ browserify-zlib@0.1.4
173 silly currentTree │ │ └── pako@0.2.8
173 silly currentTree │ ├─┬ buffer@4.5.1
173 silly currentTree │ │ ├── base64-js@1.1.2
173 silly currentTree │ │ ├── ieee754@1.1.6
173 silly currentTree │ │ └── isarray@1.0.0
173 silly currentTree │ ├─┬ console-browserify@1.1.0
173 silly currentTree │ │ └── date-now@0.1.4
173 silly currentTree │ ├── constants-browserify@1.0.0
173 silly currentTree │ ├─┬ crypto-browserify@3.11.0
173 silly currentTree │ │ ├─┬ browserify-cipher@1.0.0
173 silly currentTree │ │ │ ├─┬ browserify-aes@1.0.6
173 silly currentTree │ │ │ │ ├── buffer-xor@1.0.3
173 silly currentTree │ │ │ │ └── cipher-base@1.0.2
173 silly currentTree │ │ │ ├─┬ browserify-des@1.0.0
173 silly currentTree │ │ │ │ ├── cipher-base@1.0.2
173 silly currentTree │ │ │ │ └─┬ des.js@1.0.0
173 silly currentTree │ │ │ │   └── minimalistic-assert@1.0.0
173 silly currentTree │ │ │ └── evp_bytestokey@1.0.0
173 silly currentTree │ │ ├─┬ browserify-sign@4.0.0
173 silly currentTree │ │ │ ├── bn.js@4.11.1
173 silly currentTree │ │ │ ├── browserify-rsa@4.0.1
173 silly currentTree │ │ │ ├─┬ elliptic@6.2.3
173 silly currentTree │ │ │ │ ├── brorand@1.0.5
173 silly currentTree │ │ │ │ └── hash.js@1.0.3
173 silly currentTree │ │ │ └─┬ parse-asn1@5.0.0
173 silly currentTree │ │ │   ├─┬ asn1.js@4.5.2
173 silly currentTree │ │ │   │ └── minimalistic-assert@1.0.0
173 silly currentTree │ │ │   ├─┬ browserify-aes@1.0.6
173 silly currentTree │ │ │   │ ├── buffer-xor@1.0.3
173 silly currentTree │ │ │   │ └── cipher-base@1.0.2
173 silly currentTree │ │ │   └── evp_bytestokey@1.0.0
173 silly currentTree │ │ ├─┬ create-ecdh@4.0.0
173 silly currentTree │ │ │ ├── bn.js@4.11.1
173 silly currentTree │ │ │ └─┬ elliptic@6.2.3
173 silly currentTree │ │ │   ├── brorand@1.0.5
173 silly currentTree │ │ │   └── hash.js@1.0.3
173 silly currentTree │ │ ├─┬ create-hash@1.1.2
173 silly currentTree │ │ │ ├── cipher-base@1.0.2
173 silly currentTree │ │ │ ├── ripemd160@1.0.1
173 silly currentTree │ │ │ └── sha.js@2.4.5
173 silly currentTree │ │ ├── create-hmac@1.1.4
173 silly currentTree │ │ ├─┬ diffie-hellman@5.0.2
173 silly currentTree │ │ │ ├── bn.js@4.11.1
173 silly currentTree │ │ │ └─┬ miller-rabin@4.0.0
173 silly currentTree │ │ │   └── brorand@1.0.5
173 silly currentTree │ │ ├── inherits@2.0.1
173 silly currentTree │ │ ├── pbkdf2@3.0.4
173 silly currentTree │ │ ├─┬ public-encrypt@4.0.0
173 silly currentTree │ │ │ ├── bn.js@4.11.1
173 silly currentTree │ │ │ ├── browserify-rsa@4.0.1
173 silly currentTree │ │ │ └─┬ parse-asn1@5.0.0
173 silly currentTree │ │ │   ├─┬ asn1.js@4.5.2
173 silly currentTree │ │ │   │ └── minimalistic-assert@1.0.0
173 silly currentTree │ │ │   ├─┬ browserify-aes@1.0.6
173 silly currentTree │ │ │   │ ├── buffer-xor@1.0.3
173 silly currentTree │ │ │   │ └── cipher-base@1.0.2
173 silly currentTree │ │ │   └── evp_bytestokey@1.0.0
173 silly currentTree │ │ └── randombytes@2.0.3
173 silly currentTree │ ├── domain-browser@1.1.7
173 silly currentTree │ ├── events@1.1.0
173 silly currentTree │ ├─┬ http-browserify@1.7.0
173 silly currentTree │ │ ├── Base64@0.2.1
173 silly currentTree │ │ └── inherits@2.0.1
173 silly currentTree │ ├── https-browserify@0.0.1
173 silly currentTree │ ├── os-browserify@0.2.1
173 silly currentTree │ ├── path-browserify@0.0.0
173 silly currentTree │ ├── process@0.11.2
173 silly currentTree │ ├── punycode@1.4.1
173 silly currentTree │ ├── querystring-es3@0.2.1
173 silly currentTree │ ├─┬ readable-stream@2.0.6
173 silly currentTree │ │ ├── core-util-is@1.0.2
173 silly currentTree │ │ ├── inherits@2.0.1
173 silly currentTree │ │ ├── isarray@1.0.0
173 silly currentTree │ │ ├── process-nextick-args@1.0.6
173 silly currentTree │ │ └── util-deprecate@1.0.2
173 silly currentTree │ ├─┬ stream-browserify@2.0.1
173 silly currentTree │ │ └── inherits@2.0.1
173 silly currentTree │ ├── string_decoder@0.10.31
173 silly currentTree │ ├── timers-browserify@1.4.2
173 silly currentTree │ ├── tty-browserify@0.0.0
173 silly currentTree │ ├─┬ url@0.11.0
173 silly currentTree │ │ ├── punycode@1.3.2
173 silly currentTree │ │ └── querystring@0.2.0
173 silly currentTree │ ├─┬ util@0.10.3
173 silly currentTree │ │ └── inherits@2.0.1
173 silly currentTree │ └─┬ vm-browserify@0.0.4
173 silly currentTree │   └── indexof@0.0.1
173 silly currentTree ├── minimatch@2.0.10
173 silly currentTree ├── nan@2.3.5
173 silly currentTree ├── once@1.4.0
173 silly currentTree ├── packet-reader@0.2.0
173 silly currentTree ├── pg-connection-string@0.1.3
173 silly currentTree ├── pg-types@1.11.0
173 silly currentTree ├── pg@4.5.6
173 silly currentTree ├── pgpass@0.0.3
173 silly currentTree ├── postgres-array@1.0.0
173 silly currentTree ├── postgres-bytea@1.0.0
173 silly currentTree ├── postgres-date@1.0.3
173 silly currentTree ├── postgres-interval@1.0.2
173 silly currentTree ├── qs@2.4.2
173 silly currentTree ├── semver@4.3.6
173 silly currentTree ├── split@0.3.3
173 silly currentTree ├── stripe@3.3.4
173 silly currentTree ├── through@2.3.8
173 silly currentTree ├── underscore@1.8.3
173 silly currentTree ├── wrappy@1.0.2
173 silly currentTree └── xtend@4.0.1
174 silly idealTree pelicula@
174 silly idealTree ├── ap@0.2.0
174 silly idealTree ├── args-js@0.10.12
174 silly idealTree ├── async@0.9.2
174 silly idealTree ├── balanced-match@0.4.2
174 silly idealTree ├── bcrypt@0.8.7
174 silly idealTree ├── bindings@1.2.1
174 silly idealTree ├── bluebird@2.11.0
174 silly idealTree ├── brace-expansion@1.1.6
174 silly idealTree ├── buffer-writer@1.0.1
174 silly idealTree ├── commander@2.9.0
174 silly idealTree ├── concat-map@0.0.1
174 silly idealTree ├─┬ deasync@0.0.10
174 silly idealTree │ ├── bindings@1.1.1
174 silly idealTree │ └── nan@1.9.0
174 silly idealTree ├── generic-pool@2.4.2
174 silly idealTree ├── glob@4.5.3
174 silly idealTree ├── graceful-readlink@1.0.1
174 silly idealTree ├── inflight@1.0.5
174 silly idealTree ├── inherits@2.0.3
174 silly idealTree ├── lodash@3.10.1
174 silly idealTree ├── massive@2.0.4
174 silly idealTree ├─┬ meteor-node-stubs@0.2.3
174 silly idealTree │ ├── assert@1.3.0
174 silly idealTree │ ├─┬ browserify-zlib@0.1.4
174 silly idealTree │ │ └── pako@0.2.8
174 silly idealTree │ ├─┬ buffer@4.5.1
174 silly idealTree │ │ ├── base64-js@1.1.2
174 silly idealTree │ │ ├── ieee754@1.1.6
174 silly idealTree │ │ └── isarray@1.0.0
174 silly idealTree │ ├─┬ console-browserify@1.1.0
174 silly idealTree │ │ └── date-now@0.1.4
174 silly idealTree │ ├── constants-browserify@1.0.0
174 silly idealTree │ ├─┬ crypto-browserify@3.11.0
174 silly idealTree │ │ ├─┬ browserify-cipher@1.0.0
174 silly idealTree │ │ │ ├─┬ browserify-aes@1.0.6
174 silly idealTree │ │ │ │ ├── buffer-xor@1.0.3
174 silly idealTree │ │ │ │ └── cipher-base@1.0.2
174 silly idealTree │ │ │ ├─┬ browserify-des@1.0.0
174 silly idealTree │ │ │ │ ├── cipher-base@1.0.2
174 silly idealTree │ │ │ │ └─┬ des.js@1.0.0
174 silly idealTree │ │ │ │   └── minimalistic-assert@1.0.0
174 silly idealTree │ │ │ └── evp_bytestokey@1.0.0
174 silly idealTree │ │ ├─┬ browserify-sign@4.0.0
174 silly idealTree │ │ │ ├── bn.js@4.11.1
174 silly idealTree │ │ │ ├── browserify-rsa@4.0.1
174 silly idealTree │ │ │ ├─┬ elliptic@6.2.3
174 silly idealTree │ │ │ │ ├── brorand@1.0.5
174 silly idealTree │ │ │ │ └── hash.js@1.0.3
174 silly idealTree │ │ │ └─┬ parse-asn1@5.0.0
174 silly idealTree │ │ │   ├─┬ asn1.js@4.5.2
174 silly idealTree │ │ │   │ └── minimalistic-assert@1.0.0
174 silly idealTree │ │ │   ├─┬ browserify-aes@1.0.6
174 silly idealTree │ │ │   │ ├── buffer-xor@1.0.3
174 silly idealTree │ │ │   │ └── cipher-base@1.0.2
174 silly idealTree │ │ │   └── evp_bytestokey@1.0.0
174 silly idealTree │ │ ├─┬ create-ecdh@4.0.0
174 silly idealTree │ │ │ ├── bn.js@4.11.1
174 silly idealTree │ │ │ └─┬ elliptic@6.2.3
174 silly idealTree │ │ │   ├── brorand@1.0.5
174 silly idealTree │ │ │   └── hash.js@1.0.3
174 silly idealTree │ │ ├─┬ create-hash@1.1.2
174 silly idealTree │ │ │ ├── cipher-base@1.0.2
174 silly idealTree │ │ │ ├── ripemd160@1.0.1
174 silly idealTree │ │ │ └── sha.js@2.4.5
174 silly idealTree │ │ ├── create-hmac@1.1.4
174 silly idealTree │ │ ├─┬ diffie-hellman@5.0.2
174 silly idealTree │ │ │ ├── bn.js@4.11.1
174 silly idealTree │ │ │ └─┬ miller-rabin@4.0.0
174 silly idealTree │ │ │   └── brorand@1.0.5
174 silly idealTree │ │ ├── inherits@2.0.1
174 silly idealTree │ │ ├── pbkdf2@3.0.4
174 silly idealTree │ │ ├─┬ public-encrypt@4.0.0
174 silly idealTree │ │ │ ├── bn.js@4.11.1
174 silly idealTree │ │ │ ├── browserify-rsa@4.0.1
174 silly idealTree │ │ │ └─┬ parse-asn1@5.0.0
174 silly idealTree │ │ │   ├─┬ asn1.js@4.5.2
174 silly idealTree │ │ │   │ └── minimalistic-assert@1.0.0
174 silly idealTree │ │ │   ├─┬ browserify-aes@1.0.6
174 silly idealTree │ │ │   │ ├── buffer-xor@1.0.3
174 silly idealTree │ │ │   │ └── cipher-base@1.0.2
174 silly idealTree │ │ │   └── evp_bytestokey@1.0.0
174 silly idealTree │ │ └── randombytes@2.0.3
174 silly idealTree │ ├── domain-browser@1.1.7
174 silly idealTree │ ├── events@1.1.0
174 silly idealTree │ ├─┬ http-browserify@1.7.0
174 silly idealTree │ │ ├── Base64@0.2.1
174 silly idealTree │ │ └── inherits@2.0.1
174 silly idealTree │ ├── https-browserify@0.0.1
174 silly idealTree │ ├── os-browserify@0.2.1
174 silly idealTree │ ├── path-browserify@0.0.0
174 silly idealTree │ ├── process@0.11.2
174 silly idealTree │ ├── punycode@1.4.1
174 silly idealTree │ ├── querystring-es3@0.2.1
174 silly idealTree │ ├─┬ readable-stream@2.0.6
174 silly idealTree │ │ ├── core-util-is@1.0.2
174 silly idealTree │ │ ├── inherits@2.0.1
174 silly idealTree │ │ ├── isarray@1.0.0
174 silly idealTree │ │ ├── process-nextick-args@1.0.6
174 silly idealTree │ │ └── util-deprecate@1.0.2
174 silly idealTree │ ├─┬ stream-browserify@2.0.1
174 silly idealTree │ │ └── inherits@2.0.1
174 silly idealTree │ ├── string_decoder@0.10.31
174 silly idealTree │ ├── timers-browserify@1.4.2
174 silly idealTree │ ├── tty-browserify@0.0.0
174 silly idealTree │ ├─┬ url@0.11.0
174 silly idealTree │ │ ├── punycode@1.3.2
174 silly idealTree │ │ └── querystring@0.2.0
174 silly idealTree │ ├─┬ util@0.10.3
174 silly idealTree │ │ └── inherits@2.0.1
174 silly idealTree │ └─┬ vm-browserify@0.0.4
174 silly idealTree │   └── indexof@0.0.1
174 silly idealTree ├── minimatch@2.0.10
174 silly idealTree ├── nan@2.3.5
174 silly idealTree ├── once@1.4.0
174 silly idealTree ├── packet-reader@0.2.0
174 silly idealTree ├── pg-connection-string@0.1.3
174 silly idealTree ├── pg-types@1.11.0
174 silly idealTree ├── pg@4.5.6
174 silly idealTree ├── pgpass@0.0.3
174 silly idealTree ├── postgres-array@1.0.0
174 silly idealTree ├── postgres-bytea@1.0.0
174 silly idealTree ├── postgres-date@1.0.3
174 silly idealTree ├── postgres-interval@1.0.2
174 silly idealTree ├── qs@2.4.2
174 silly idealTree ├── semver@4.3.6
174 silly idealTree ├── split@0.3.3
174 silly idealTree ├── stripe@3.3.4
174 silly idealTree ├── through@2.3.8
174 silly idealTree ├── underscore@1.8.3
174 silly idealTree ├── wrappy@1.0.2
174 silly idealTree └── xtend@4.0.1
175 silly generateActionsToTake Starting
176 silly install generateActionsToTake
177 silly generateActionsToTake Finishing
178 silly diffTrees action count 4
179 silly diffTrees add bindings@1.1.1
180 silly diffTrees add nan@1.9.0
181 silly diffTrees add deasync@0.0.10
182 silly diffTrees add massive@2.0.4
183 silly decomposeActions action count 32
184 silly decomposeActions fetch bindings@1.1.1
185 silly decomposeActions extract bindings@1.1.1
186 silly decomposeActions test bindings@1.1.1
187 silly decomposeActions preinstall bindings@1.1.1
188 silly decomposeActions build bindings@1.1.1
189 silly decomposeActions install bindings@1.1.1
190 silly decomposeActions postinstall bindings@1.1.1
191 silly decomposeActions finalize bindings@1.1.1
192 silly decomposeActions fetch nan@1.9.0
193 silly decomposeActions extract nan@1.9.0
194 silly decomposeActions test nan@1.9.0
195 silly decomposeActions preinstall nan@1.9.0
196 silly decomposeActions build nan@1.9.0
197 silly decomposeActions install nan@1.9.0
198 silly decomposeActions postinstall nan@1.9.0
199 silly decomposeActions finalize nan@1.9.0
200 silly decomposeActions fetch deasync@0.0.10
201 silly decomposeActions extract deasync@0.0.10
202 silly decomposeActions test deasync@0.0.10
203 silly decomposeActions preinstall deasync@0.0.10
204 silly decomposeActions build deasync@0.0.10
205 silly decomposeActions install deasync@0.0.10
206 silly decomposeActions postinstall deasync@0.0.10
207 silly decomposeActions finalize deasync@0.0.10
208 silly decomposeActions fetch massive@2.0.4
209 silly decomposeActions extract massive@2.0.4
210 silly decomposeActions test massive@2.0.4
211 silly decomposeActions preinstall massive@2.0.4
212 silly decomposeActions build massive@2.0.4
213 silly decomposeActions install massive@2.0.4
214 silly decomposeActions postinstall massive@2.0.4
215 silly decomposeActions finalize massive@2.0.4
216 silly executeActions Starting
217 silly install executeActions
218 silly doSerial global-install 0
219 silly doParallel fetch 4
220 verbose correctMkdir /home/ubuntu/.npm/_locks correctMkdir not in flight; initializing
221 verbose lock using /home/ubuntu/.npm/_locks/staging-bd7e36b4b21ac760.lock for /home/ubuntu/workspace/pelicula/node_modules/.staging
222 silly doParallel extract 4
223 silly extract bindings@1.1.1
224 silly extract nan@1.9.0
225 silly extract deasync@0.0.10
226 silly extract massive@2.0.4
227 verbose unbuild node_modules/.staging/bindings-446cbb4e
228 verbose unbuild node_modules/.staging/nan-36bef109
229 verbose unbuild node_modules/.staging/deasync-70e4b99a
230 verbose unbuild node_modules/.staging/massive-8d42d0d2
231 silly gentlyRm /home/ubuntu/workspace/pelicula/node_modules/.staging/bindings-446cbb4e is being purged from base /home/ubuntu/workspace/pelicula
232 verbose gentlyRm don't care about contents; nuking /home/ubuntu/workspace/pelicula/node_modules/.staging/bindings-446cbb4e
233 silly gentlyRm /home/ubuntu/workspace/pelicula/node_modules/.staging/nan-36bef109 is being purged from base /home/ubuntu/workspace/pelicula
234 verbose gentlyRm don't care about contents; nuking /home/ubuntu/workspace/pelicula/node_modules/.staging/nan-36bef109
235 silly gentlyRm /home/ubuntu/workspace/pelicula/node_modules/.staging/deasync-70e4b99a is being purged from base /home/ubuntu/workspace/pelicula
236 verbose gentlyRm don't care about contents; nuking /home/ubuntu/workspace/pelicula/node_modules/.staging/deasync-70e4b99a
237 verbose tar unpack /home/ubuntu/.npm/bindings/1.1.1/package.tgz
238 verbose tar unpacking to /home/ubuntu/workspace/pelicula/node_modules/.staging/bindings-446cbb4e
239 silly gentlyRm /home/ubuntu/workspace/pelicula/node_modules/.staging/bindings-446cbb4e is being purged
240 verbose gentlyRm don't care about contents; nuking /home/ubuntu/workspace/pelicula/node_modules/.staging/bindings-446cbb4e
241 verbose tar unpack /home/ubuntu/.npm/nan/1.9.0/package.tgz
242 verbose tar unpacking to /home/ubuntu/workspace/pelicula/node_modules/.staging/nan-36bef109
243 silly gentlyRm /home/ubuntu/workspace/pelicula/node_modules/.staging/nan-36bef109 is being purged
244 verbose gentlyRm don't care about contents; nuking /home/ubuntu/workspace/pelicula/node_modules/.staging/nan-36bef109
245 verbose tar unpack /home/ubuntu/.npm/deasync/0.0.10/package.tgz
246 verbose tar unpacking to /home/ubuntu/workspace/pelicula/node_modules/.staging/deasync-70e4b99a
247 silly gentlyRm /home/ubuntu/workspace/pelicula/node_modules/.staging/deasync-70e4b99a is being purged
248 verbose gentlyRm don't care about contents; nuking /home/ubuntu/workspace/pelicula/node_modules/.staging/deasync-70e4b99a
249 silly gunzTarPerm modes [ '755', '644' ]
250 silly gunzTarPerm modes [ '755', '644' ]
251 silly gunzTarPerm modes [ '755', '644' ]
252 silly gentlyRm /home/ubuntu/workspace/pelicula/node_modules/.staging/massive-8d42d0d2 is being purged from base /home/ubuntu/workspace/pelicula
253 verbose gentlyRm don't care about contents; nuking /home/ubuntu/workspace/pelicula/node_modules/.staging/massive-8d42d0d2
254 verbose tar unpack /home/ubuntu/.npm/massive/2.0.4/package.tgz
255 verbose tar unpacking to /home/ubuntu/workspace/pelicula/node_modules/.staging/massive-8d42d0d2
256 silly gentlyRm /home/ubuntu/workspace/pelicula/node_modules/.staging/massive-8d42d0d2 is being purged
257 verbose gentlyRm don't care about contents; nuking /home/ubuntu/workspace/pelicula/node_modules/.staging/massive-8d42d0d2
258 silly gunzTarPerm modes [ '755', '644' ]
259 silly gunzTarPerm extractEntry package.json
260 silly gunzTarPerm extractEntry package.json
261 silly gunzTarPerm modified mode [ 'package.json', 436, 420 ]
262 silly gunzTarPerm extractEntry package.json
263 silly gunzTarPerm modified mode [ 'package.json', 436, 420 ]
264 silly gunzTarPerm extractEntry package.json
265 silly gunzTarPerm extractEntry README.md
266 silly gunzTarPerm extractEntry bindings.js
267 silly gunzTarPerm extractEntry README.md
268 silly gunzTarPerm modified mode [ 'README.md', 436, 420 ]
269 silly gunzTarPerm extractEntry .npmignore
270 silly gunzTarPerm modified mode [ '.npmignore', 436, 420 ]
271 silly gunzTarPerm extractEntry README.md
272 silly gunzTarPerm modified mode [ 'README.md', 436, 420 ]
273 silly gunzTarPerm extractEntry include_dirs.js
274 silly gunzTarPerm modified mode [ 'include_dirs.js', 436, 420 ]
275 silly gunzTarPerm extractEntry .npmignore
276 silly gunzTarPerm extractEntry README.md
277 silly gunzTarPerm extractEntry LICENSE.md
278 silly gunzTarPerm modified mode [ 'LICENSE.md', 436, 420 ]
279 silly gunzTarPerm extractEntry .dntrc
280 silly gunzTarPerm modified mode [ '.dntrc', 436, 420 ]
281 silly gunzTarPerm extractEntry appveyor.yml
282 silly gunzTarPerm modified mode [ 'appveyor.yml', 436, 420 ]
283 silly gunzTarPerm extractEntry test.js
284 silly gunzTarPerm extractEntry build.js
285 silly gunzTarPerm modified mode [ 'build.js', 445, 429 ]
286 silly gunzTarPerm extractEntry nan.h
287 silly gunzTarPerm modified mode [ 'nan.h', 436, 420 ]
288 silly gunzTarPerm extractEntry LICENSE
289 silly gunzTarPerm extractEntry nan_implementation_12_inl.h
290 silly gunzTarPerm modified mode [ 'nan_implementation_12_inl.h', 436, 420 ]
291 silly gunzTarPerm extractEntry nan_implementation_pre_12_inl.h
292 silly gunzTarPerm modified mode [ 'nan_implementation_pre_12_inl.h', 436, 420 ]
293 silly gunzTarPerm extractEntry index.js
294 silly gunzTarPerm modified mode [ 'index.js', 436, 420 ]
295 silly gunzTarPerm extractEntry quick-test.js
296 silly gunzTarPerm modified mode [ 'quick-test.js', 436, 420 ]
297 silly gunzTarPerm extractEntry index.js
298 silly gunzTarPerm extractEntry play.js
299 silly gunzTarPerm extractEntry nan_new.h
300 silly gunzTarPerm modified mode [ 'nan_new.h', 436, 420 ]
301 silly gunzTarPerm extractEntry nan_string_bytes.h
302 silly gunzTarPerm modified mode [ 'nan_string_bytes.h', 436, 420 ]
303 silly gunzTarPerm extractEntry src/deasync.cc
304 silly gunzTarPerm modified mode [ 'src/deasync.cc', 436, 420 ]
305 silly gunzTarPerm extractEntry bin/linux-x64-node-0.11/deasync.node
306 silly gunzTarPerm extractEntry lib/arg_types.js
307 silly gunzTarPerm extractEntry lib/document.js
308 silly gunzTarPerm extractEntry CHANGELOG.md
309 silly gunzTarPerm modified mode [ 'CHANGELOG.md', 436, 420 ]
310 silly gunzTarPerm extractEntry tools/node_modules/commander/package.json
311 silly gunzTarPerm modified mode [ 'tools/node_modules/commander/package.json', 436, 420 ]
312 silly gunzTarPerm extractEntry bin/darwin-x64-node-0.10/deasync.node
313 silly gentlyRm /home/ubuntu/workspace/pelicula/node_modules/.staging/bindings-446cbb4e/node_modules is being purged
314 verbose gentlyRm don't care about contents; nuking /home/ubuntu/workspace/pelicula/node_modules/.staging/bindings-446cbb4e/node_modules
315 silly gunzTarPerm extractEntry lib/document_table.js
316 silly gunzTarPerm extractEntry lib/operations_map.js
317 silly gunzTarPerm extractEntry tools/node_modules/commander/LICENSE
318 silly gunzTarPerm modified mode [ 'tools/node_modules/commander/LICENSE', 436, 420 ]
319 silly gunzTarPerm extractEntry tools/node_modules/commander/index.js
320 silly gunzTarPerm modified mode [ 'tools/node_modules/commander/index.js', 436, 420 ]
321 silly gunzTarPerm extractEntry bin/darwin-x64-node-0.12/deasync.node
322 silly gunzTarPerm extractEntry bin/linux-ia32-node-0.10/deasync.node
323 silly gunzTarPerm extractEntry lib/runner.js
324 silly gunzTarPerm extractEntry lib/table.js
325 silly gunzTarPerm extractEntry tools/node_modules/commander/History.md
326 silly gunzTarPerm modified mode [ 'tools/node_modules/commander/History.md', 436, 420 ]
327 silly gunzTarPerm extractEntry tools/node_modules/commander/Readme.md
328 silly gunzTarPerm modified mode [ 'tools/node_modules/commander/Readme.md', 436, 420 ]
329 silly gunzTarPerm extractEntry bin/linux-ia32-node-0.11/deasync.node
330 silly gunzTarPerm extractEntry bin/linux-ia32-node-0.12/deasync.node
331 silly gunzTarPerm extractEntry lib/where.js
332 silly gunzTarPerm extractEntry lib/scripts/create_document_table.sql
333 silly gunzTarPerm extractEntry bin/linux-x64-node-0.10/deasync.node
334 silly gunzTarPerm extractEntry bin/darwin-x64-node-0.11/deasync.node
335 silly gunzTarPerm extractEntry tools/node_modules/commander/node_modules/graceful-readlink/package.json
336 silly gunzTarPerm modified mode [ 'tools/node_modules/commander/node_modules/graceful-readlink/package.json',
336 silly gunzTarPerm   436,
336 silly gunzTarPerm   420 ]
337 silly gunzTarPerm extractEntry tools/node_modules/commander/node_modules/graceful-readlink/.npmignore
338 silly gunzTarPerm modified mode [ 'tools/node_modules/commander/node_modules/graceful-readlink/.npmignore',
338 silly gunzTarPerm   436,
338 silly gunzTarPerm   420 ]
339 silly gunzTarPerm extractEntry tools/node_modules/commander/node_modules/graceful-readlink/README.md
340 silly gunzTarPerm modified mode [ 'tools/node_modules/commander/node_modules/graceful-readlink/README.md',
340 silly gunzTarPerm   436,
340 silly gunzTarPerm   420 ]
341 silly gunzTarPerm extractEntry tools/node_modules/commander/node_modules/graceful-readlink/LICENSE
342 silly gunzTarPerm modified mode [ 'tools/node_modules/commander/node_modules/graceful-readlink/LICENSE',
342 silly gunzTarPerm   436,
342 silly gunzTarPerm   420 ]
343 silly gunzTarPerm extractEntry lib/scripts/functions.sql
344 silly gunzTarPerm extractEntry lib/scripts/tables.sql
345 silly gunzTarPerm extractEntry tools/node_modules/commander/node_modules/graceful-readlink/index.js
346 silly gunzTarPerm modified mode [ 'tools/node_modules/commander/node_modules/graceful-readlink/index.js',
346 silly gunzTarPerm   436,
346 silly gunzTarPerm   420 ]
347 silly gunzTarPerm extractEntry tools/node_modules/commander/node_modules/graceful-readlink/.travis.yml
348 silly gunzTarPerm modified mode [ 'tools/node_modules/commander/node_modules/graceful-readlink/.travis.yml',
348 silly gunzTarPerm   436,
348 silly gunzTarPerm   420 ]
349 silly gunzTarPerm extractEntry tools/node_modules/glob/package.json
350 silly gunzTarPerm modified mode [ 'tools/node_modules/glob/package.json', 436, 420 ]
351 silly gunzTarPerm extractEntry lib/scripts/whitelist.sql
352 silly gunzTarPerm extractEntry bin/massive.js
353 silly gunzTarPerm extractEntry bin/linux-x64-node-0.12/deasync.node
354 silly gunzTarPerm extractEntry bin/win32-ia32-node-0.10/deasync.node
355 silly gunzTarPerm extractEntry tools/node_modules/glob/README.md
356 silly gunzTarPerm modified mode [ 'tools/node_modules/glob/README.md', 436, 420 ]
357 silly gunzTarPerm extractEntry tools/node_modules/glob/LICENSE
358 silly gunzTarPerm modified mode [ 'tools/node_modules/glob/LICENSE', 436, 420 ]
359 silly gunzTarPerm extractEntry bin/win32-ia32-node-0.11/deasync.node
360 silly gunzTarPerm extractEntry bin/win32-ia32-node-0.12/deasync.node
361 silly gunzTarPerm extractEntry tools/node_modules/glob/common.js
362 silly gunzTarPerm modified mode [ 'tools/node_modules/glob/common.js', 436, 420 ]
363 silly gunzTarPerm extractEntry tools/node_modules/glob/glob.js
364 silly gunzTarPerm modified mode [ 'tools/node_modules/glob/glob.js', 436, 420 ]
365 silly gunzTarPerm extractEntry tools/node_modules/glob/sync.js
366 silly gunzTarPerm modified mode [ 'tools/node_modules/glob/sync.js', 436, 420 ]
367 silly gunzTarPerm extractEntry tools/node_modules/glob/node_modules/inflight/package.json
368 silly gunzTarPerm modified mode [ 'tools/node_modules/glob/node_modules/inflight/package.json',
368 silly gunzTarPerm   436,
368 silly gunzTarPerm   420 ]
369 silly gunzTarPerm extractEntry bin/win32-x64-node-0.10/deasync.node
370 silly gunzTarPerm extractEntry tools/node_modules/glob/node_modules/inflight/README.md
371 silly gunzTarPerm modified mode [ 'tools/node_modules/glob/node_modules/inflight/README.md',
371 silly gunzTarPerm   436,
371 silly gunzTarPerm   420 ]
372 silly gunzTarPerm extractEntry tools/node_modules/glob/node_modules/inflight/LICENSE
373 silly gunzTarPerm modified mode [ 'tools/node_modules/glob/node_modules/inflight/LICENSE',
373 silly gunzTarPerm   436,
373 silly gunzTarPerm   420 ]
374 silly gunzTarPerm extractEntry bin/win32-x64-node-0.11/deasync.node
375 silly gunzTarPerm extractEntry bin/win32-x64-node-0.12/deasync.node
376 silly gunzTarPerm extractEntry tools/node_modules/glob/node_modules/inflight/inflight.js
377 silly gunzTarPerm modified mode [ 'tools/node_modules/glob/node_modules/inflight/inflight.js',
377 silly gunzTarPerm   436,
377 silly gunzTarPerm   420 ]
378 silly gunzTarPerm extractEntry tools/node_modules/glob/node_modules/inflight/test.js
379 silly gunzTarPerm modified mode [ 'tools/node_modules/glob/node_modules/inflight/test.js',
379 silly gunzTarPerm   436,
379 silly gunzTarPerm   420 ]
380 silly gunzTarPerm extractEntry tools/node_modules/glob/node_modules/inflight/.eslintrc
381 silly gunzTarPerm modified mode [ 'tools/node_modules/glob/node_modules/inflight/.eslintrc',
381 silly gunzTarPerm   436,
381 silly gunzTarPerm   420 ]
382 silly gunzTarPerm extractEntry tools/node_modules/glob/node_modules/inflight/node_modules/wrappy/package.json
383 silly gunzTarPerm modified mode [ 'tools/node_modules/glob/node_modules/inflight/node_modules/wrappy/package.json',
383 silly gunzTarPerm   436,
383 silly gunzTarPerm   420 ]
384 silly gunzTarPerm extractEntry tools/node_modules/glob/node_modules/inflight/node_modules/wrappy/README.md
385 silly gunzTarPerm modified mode [ 'tools/node_modules/glob/node_modules/inflight/node_modules/wrappy/README.md',
385 silly gunzTarPerm   436,
385 silly gunzTarPerm   420 ]
386 silly gunzTarPerm extractEntry tools/node_modules/glob/node_modules/inflight/node_modules/wrappy/LICENSE
387 silly gunzTarPerm modified mode [ 'tools/node_modules/glob/node_modules/inflight/node_modules/wrappy/LICENSE',
387 silly gunzTarPerm   436,
387 silly gunzTarPerm   420 ]
388 silly gunzTarPerm extractEntry tools/node_modules/glob/node_modules/inflight/node_modules/wrappy/wrappy.js
389 silly gunzTarPerm modified mode [ 'tools/node_modules/glob/node_modules/inflight/node_modules/wrappy/wrappy.js',
389 silly gunzTarPerm   436,
389 silly gunzTarPerm   420 ]
390 silly gunzTarPerm extractEntry tools/node_modules/glob/node_modules/inflight/node_modules/wrappy/test/basic.js
391 silly gunzTarPerm modified mode [ 'tools/node_modules/glob/node_modules/inflight/node_modules/wrappy/test/basic.js',
391 silly gunzTarPerm   436,
391 silly gunzTarPerm   420 ]
392 silly gunzTarPerm extractEntry tools/node_modules/glob/node_modules/inherits/package.json
393 silly gunzTarPerm modified mode [ 'tools/node_modules/glob/node_modules/inherits/package.json',
393 silly gunzTarPerm   436,
393 silly gunzTarPerm   420 ]
394 silly gunzTarPerm extractEntry tools/node_modules/glob/node_modules/inherits/README.md
395 silly gunzTarPerm modified mode [ 'tools/node_modules/glob/node_modules/inherits/README.md',
395 silly gunzTarPerm   436,
395 silly gunzTarPerm   420 ]
396 silly gunzTarPerm extractEntry tools/node_modules/glob/node_modules/inherits/LICENSE
397 silly gunzTarPerm modified mode [ 'tools/node_modules/glob/node_modules/inherits/LICENSE',
397 silly gunzTarPerm   436,
397 silly gunzTarPerm   420 ]
398 silly gunzTarPerm extractEntry tools/node_modules/glob/node_modules/inherits/inherits.js
399 silly gunzTarPerm modified mode [ 'tools/node_modules/glob/node_modules/inherits/inherits.js',
399 silly gunzTarPerm   436,
399 silly gunzTarPerm   420 ]
400 silly gunzTarPerm extractEntry tools/node_modules/glob/node_modules/inherits/inherits_browser.js
401 silly gunzTarPerm modified mode [ 'tools/node_modules/glob/node_modules/inherits/inherits_browser.js',
401 silly gunzTarPerm   436,
401 silly gunzTarPerm   420 ]
402 silly gunzTarPerm extractEntry tools/node_modules/glob/node_modules/inherits/test.js
403 silly gunzTarPerm modified mode [ 'tools/node_modules/glob/node_modules/inherits/test.js',
403 silly gunzTarPerm   436,
403 silly gunzTarPerm   420 ]
404 silly gunzTarPerm extractEntry tools/node_modules/glob/node_modules/minimatch/package.json
405 silly gunzTarPerm modified mode [ 'tools/node_modules/glob/node_modules/minimatch/package.json',
405 silly gunzTarPerm   436,
405 silly gunzTarPerm   420 ]
406 silly gunzTarPerm extractEntry tools/node_modules/glob/node_modules/minimatch/README.md
407 silly gunzTarPerm modified mode [ 'tools/node_modules/glob/node_modules/minimatch/README.md',
407 silly gunzTarPerm   436,
407 silly gunzTarPerm   420 ]
408 silly gunzTarPerm extractEntry tools/node_modules/glob/node_modules/minimatch/LICENSE
409 silly gunzTarPerm modified mode [ 'tools/node_modules/glob/node_modules/minimatch/LICENSE',
409 silly gunzTarPerm   436,
409 silly gunzTarPerm   420 ]
410 silly gunzTarPerm extractEntry tools/node_modules/glob/node_modules/minimatch/browser.js
411 silly gunzTarPerm modified mode [ 'tools/node_modules/glob/node_modules/minimatch/browser.js',
411 silly gunzTarPerm   436,
411 silly gunzTarPerm   420 ]
412 silly gunzTarPerm extractEntry tools/node_modules/glob/node_modules/minimatch/minimatch.js
413 silly gunzTarPerm modified mode [ 'tools/node_modules/glob/node_modules/minimatch/minimatch.js',
413 silly gunzTarPerm   436,
413 silly gunzTarPerm   420 ]
414 silly gunzTarPerm extractEntry tools/node_modules/glob/node_modules/minimatch/node_modules/brace-expansion/package.json
415 silly gunzTarPerm modified mode [ 'tools/node_modules/glob/node_modules/minimatch/node_modules/brace-expansion/package.json',
415 silly gunzTarPerm   436,
415 silly gunzTarPerm   420 ]
416 silly gunzTarPerm extractEntry tools/node_modules/glob/node_modules/minimatch/node_modules/brace-expansion/.npmignore
417 silly gunzTarPerm modified mode [ 'tools/node_modules/glob/node_modules/minimatch/node_modules/brace-expansion/.npmignore',
417 silly gunzTarPerm   436,
417 silly gunzTarPerm   420 ]
418 silly gunzTarPerm extractEntry tools/node_modules/glob/node_modules/minimatch/node_modules/brace-expansion/README.md
419 silly gunzTarPerm modified mode [ 'tools/node_modules/glob/node_modules/minimatch/node_modules/brace-expansion/README.md',
419 silly gunzTarPerm   436,
419 silly gunzTarPerm   420 ]
420 silly gunzTarPerm extractEntry tools/node_modules/glob/node_modules/minimatch/node_modules/brace-expansion/example.js
421 silly gunzTarPerm modified mode [ 'tools/node_modules/glob/node_modules/minimatch/node_modules/brace-expansion/example.js',
421 silly gunzTarPerm   436,
421 silly gunzTarPerm   420 ]
422 silly gunzTarPerm extractEntry tools/node_modules/glob/node_modules/minimatch/node_modules/brace-expansion/index.js
423 silly gunzTarPerm modified mode [ 'tools/node_modules/glob/node_modules/minimatch/node_modules/brace-expansion/index.js',
423 silly gunzTarPerm   436,
423 silly gunzTarPerm   420 ]
424 silly gunzTarPerm extractEntry tools/node_modules/glob/node_modules/minimatch/node_modules/brace-expansion/.travis.yml
425 silly gunzTarPerm modified mode [ 'tools/node_modules/glob/node_modules/minimatch/node_modules/brace-expansion/.travis.yml',
425 silly gunzTarPerm   436,
425 silly gunzTarPerm   420 ]
426 silly gunzTarPerm extractEntry tools/node_modules/glob/node_modules/minimatch/node_modules/brace-expansion/test/bash-comparison.js
427 silly gunzTarPerm modified mode [ 'tools/node_modules/glob/node_modules/minimatch/node_modules/brace-expansion/test/bash-comparison.js',
427 silly gunzTarPerm   436,
427 silly gunzTarPerm   420 ]
428 silly gunzTarPerm extractEntry tools/node_modules/glob/node_modules/minimatch/node_modules/brace-expansion/test/same-type.js
429 silly gunzTarPerm modified mode [ 'tools/node_modules/glob/node_modules/minimatch/node_modules/brace-expansion/test/same-type.js',
429 silly gunzTarPerm   436,
429 silly gunzTarPerm   420 ]
430 silly gunzTarPerm extractEntry tools/node_modules/glob/node_modules/minimatch/node_modules/brace-expansion/test/dollar.js
431 silly gunzTarPerm modified mode [ 'tools/node_modules/glob/node_modules/minimatch/node_modules/brace-expansion/test/dollar.js',
431 silly gunzTarPerm   436,
431 silly gunzTarPerm   420 ]
432 silly gunzTarPerm extractEntry tools/node_modules/glob/node_modules/minimatch/node_modules/brace-expansion/test/empty-option.js
433 silly gunzTarPerm modified mode [ 'tools/node_modules/glob/node_modules/minimatch/node_modules/brace-expansion/test/empty-option.js',
433 silly gunzTarPerm   436,
433 silly gunzTarPerm   420 ]
434 silly gunzTarPerm extractEntry tools/node_modules/glob/node_modules/minimatch/node_modules/brace-expansion/test/pad.js
435 silly gunzTarPerm modified mode [ 'tools/node_modules/glob/node_modules/minimatch/node_modules/brace-expansion/test/pad.js',
435 silly gunzTarPerm   436,
435 silly gunzTarPerm   420 ]
436 silly gunzTarPerm extractEntry tools/node_modules/glob/node_modules/minimatch/node_modules/brace-expansion/test/order.js
437 silly gunzTarPerm modified mode [ 'tools/node_modules/glob/node_modules/minimatch/node_modules/brace-expansion/test/order.js',
437 silly gunzTarPerm   436,
437 silly gunzTarPerm   420 ]
438 silly gunzTarPerm extractEntry tools/node_modules/glob/node_modules/minimatch/node_modules/brace-expansion/test/nested.js
439 silly gunzTarPerm modified mode [ 'tools/node_modules/glob/node_modules/minimatch/node_modules/brace-expansion/test/nested.js',
439 silly gunzTarPerm   436,
439 silly gunzTarPerm   420 ]
440 silly gunzTarPerm extractEntry tools/node_modules/glob/node_modules/minimatch/node_modules/brace-expansion/test/sequence.js
441 silly gunzTarPerm modified mode [ 'tools/node_modules/glob/node_modules/minimatch/node_modules/brace-expansion/test/sequence.js',
441 silly gunzTarPerm   436,
441 silly gunzTarPerm   420 ]
442 silly gunzTarPerm extractEntry tools/node_modules/glob/node_modules/minimatch/node_modules/brace-expansion/test/negative-increment.js
443 silly gunzTarPerm modified mode [ 'tools/node_modules/glob/node_modules/minimatch/node_modules/brace-expansion/test/negative-increment.js',
443 silly gunzTarPerm   436,
443 silly gunzTarPerm   420 ]
444 silly gunzTarPerm extractEntry tools/node_modules/glob/node_modules/minimatch/node_modules/brace-expansion/test/bash-results.txt
445 silly gunzTarPerm modified mode [ 'tools/node_modules/glob/node_modules/minimatch/node_modules/brace-expansion/test/bash-results.txt',
445 silly gunzTarPerm   436,
445 silly gunzTarPerm   420 ]
446 silly gunzTarPerm extractEntry tools/node_modules/glob/node_modules/minimatch/node_modules/brace-expansion/test/generate.sh
447 silly gunzTarPerm modified mode [ 'tools/node_modules/glob/node_modules/minimatch/node_modules/brace-expansion/test/generate.sh',
447 silly gunzTarPerm   436,
447 silly gunzTarPerm   420 ]
448 silly gunzTarPerm extractEntry tools/node_modules/glob/node_modules/minimatch/node_modules/brace-expansion/test/cases.txt
449 silly gunzTarPerm modified mode [ 'tools/node_modules/glob/node_modules/minimatch/node_modules/brace-expansion/test/cases.txt',
449 silly gunzTarPerm   436,
449 silly gunzTarPerm   420 ]
450 silly gunzTarPerm extractEntry tools/node_modules/glob/node_modules/minimatch/node_modules/brace-expansion/node_modules/balanced-match/package.json
451 silly gunzTarPerm modified mode [ 'tools/node_modules/glob/node_modules/minimatch/node_modules/brace-expansion/node_modules/balanced-match/package.json',
451 silly gunzTarPerm   436,
451 silly gunzTarPerm   420 ]
452 silly gunzTarPerm extractEntry tools/node_modules/glob/node_modules/minimatch/node_modules/brace-expansion/node_modules/balanced-match/.npmignore
453 silly gunzTarPerm modified mode [ 'tools/node_modules/glob/node_modules/minimatch/node_modules/brace-expansion/node_modules/balanced-match/.npmignore',
453 silly gunzTarPerm   436,
453 silly gunzTarPerm   420 ]
454 silly gunzTarPerm extractEntry tools/node_modules/glob/node_modules/minimatch/node_modules/brace-expansion/node_modules/balanced-match/README.md
455 silly gunzTarPerm modified mode [ 'tools/node_modules/glob/node_modules/minimatch/node_modules/brace-expansion/node_modules/balanced-match/README.md',
455 silly gunzTarPerm   436,
455 silly gunzTarPerm   420 ]
456 silly gunzTarPerm extractEntry tools/node_modules/glob/node_modules/minimatch/node_modules/brace-expansion/node_modules/balanced-match/example.js
457 silly gunzTarPerm modified mode [ 'tools/node_modules/glob/node_modules/minimatch/node_modules/brace-expansion/node_modules/balanced-match/example.js',
457 silly gunzTarPerm   436,
457 silly gunzTarPerm   420 ]
458 silly gunzTarPerm extractEntry tools/node_modules/glob/node_modules/minimatch/node_modules/brace-expansion/node_modules/balanced-match/index.js
459 silly gunzTarPerm modified mode [ 'tools/node_modules/glob/node_modules/minimatch/node_modules/brace-expansion/node_modules/balanced-match/index.js',
459 silly gunzTarPerm   436,
459 silly gunzTarPerm   420 ]
460 silly gunzTarPerm extractEntry tools/node_modules/glob/node_modules/minimatch/node_modules/brace-expansion/node_modules/balanced-match/.travis.yml
461 silly gunzTarPerm modified mode [ 'tools/node_modules/glob/node_modules/minimatch/node_modules/brace-expansion/node_modules/balanced-match/.travis.yml',
461 silly gunzTarPerm   436,
461 silly gunzTarPerm   420 ]
462 silly gunzTarPerm extractEntry tools/node_modules/glob/node_modules/minimatch/node_modules/brace-expansion/node_modules/balanced-match/Makefile
463 silly gunzTarPerm modified mode [ 'tools/node_modules/glob/node_modules/minimatch/node_modules/brace-expansion/node_modules/balanced-match/Makefile',
463 silly gunzTarPerm   436,
463 silly gunzTarPerm   420 ]
464 silly gunzTarPerm extractEntry tools/node_modules/glob/node_modules/minimatch/node_modules/brace-expansion/node_modules/balanced-match/test/balanced.js
465 silly gunzTarPerm modified mode [ 'tools/node_modules/glob/node_modules/minimatch/node_modules/brace-expansion/node_modules/balanced-match/test/balanced.js',
465 silly gunzTarPerm   436,
465 silly gunzTarPerm   420 ]
466 silly gunzTarPerm extractEntry tools/node_modules/glob/node_modules/minimatch/node_modules/brace-expansion/node_modules/concat-map/package.json
467 silly gunzTarPerm modified mode [ 'tools/node_modules/glob/node_modules/minimatch/node_modules/brace-expansion/node_modules/concat-map/package.json',
467 silly gunzTarPerm   436,
467 silly gunzTarPerm   420 ]
468 silly gunzTarPerm extractEntry tools/node_modules/glob/node_modules/minimatch/node_modules/brace-expansion/node_modules/concat-map/LICENSE
469 silly gunzTarPerm modified mode [ 'tools/node_modules/glob/node_modules/minimatch/node_modules/brace-expansion/node_modules/concat-map/LICENSE',
469 silly gunzTarPerm   436,
469 silly gunzTarPerm   420 ]
470 silly gunzTarPerm extractEntry tools/node_modules/glob/node_modules/minimatch/node_modules/brace-expansion/node_modules/concat-map/index.js
471 silly gunzTarPerm modified mode [ 'tools/node_modules/glob/node_modules/minimatch/node_modules/brace-expansion/node_modules/concat-map/index.js',
471 silly gunzTarPerm   436,
471 silly gunzTarPerm   420 ]
472 silly gunzTarPerm extractEntry tools/node_modules/glob/node_modules/minimatch/node_modules/brace-expansion/node_modules/concat-map/.travis.yml
473 silly gunzTarPerm modified mode [ 'tools/node_modules/glob/node_modules/minimatch/node_modules/brace-expansion/node_modules/concat-map/.travis.yml',
473 silly gunzTarPerm   436,
473 silly gunzTarPerm   420 ]
474 silly gunzTarPerm extractEntry tools/node_modules/glob/node_modules/minimatch/node_modules/brace-expansion/node_modules/concat-map/README.markdown
475 silly gunzTarPerm modified mode [ 'tools/node_modules/glob/node_modules/minimatch/node_modules/brace-expansion/node_modules/concat-map/README.markdown',
475 silly gunzTarPerm   436,
475 silly gunzTarPerm   420 ]
476 silly gunzTarPerm extractEntry tools/node_modules/glob/node_modules/minimatch/node_modules/brace-expansion/node_modules/concat-map/example/map.js
477 silly gunzTarPerm modified mode [ 'tools/node_modules/glob/node_modules/minimatch/node_modules/brace-expansion/node_modules/concat-map/example/map.js',
477 silly gunzTarPerm   436,
477 silly gunzTarPerm   420 ]
478 silly gunzTarPerm extractEntry tools/node_modules/glob/node_modules/minimatch/node_modules/brace-expansion/node_modules/concat-map/test/map.js
479 silly gunzTarPerm modified mode [ 'tools/node_modules/glob/node_modules/minimatch/node_modules/brace-expansion/node_modules/concat-map/test/map.js',
479 silly gunzTarPerm   436,
479 silly gunzTarPerm   420 ]
480 silly gunzTarPerm extractEntry tools/node_modules/glob/node_modules/once/package.json
481 silly gunzTarPerm modified mode [ 'tools/node_modules/glob/node_modules/once/package.json',
481 silly gunzTarPerm   436,
481 silly gunzTarPerm   420 ]
482 silly gunzTarPerm extractEntry tools/node_modules/glob/node_modules/once/README.md
483 silly gunzTarPerm modified mode [ 'tools/node_modules/glob/node_modules/once/README.md',
483 silly gunzTarPerm   436,
483 silly gunzTarPerm   420 ]
484 silly gunzTarPerm extractEntry tools/node_modules/glob/node_modules/once/LICENSE
485 silly gunzTarPerm modified mode [ 'tools/node_modules/glob/node_modules/once/LICENSE', 436, 420 ]
486 silly gunzTarPerm extractEntry tools/node_modules/glob/node_modules/once/once.js
487 silly gunzTarPerm modified mode [ 'tools/node_modules/glob/node_modules/once/once.js', 436, 420 ]
488 silly gunzTarPerm extractEntry tools/node_modules/glob/node_modules/once/test/once.js
489 silly gunzTarPerm modified mode [ 'tools/node_modules/glob/node_modules/once/test/once.js',
489 silly gunzTarPerm   436,
489 silly gunzTarPerm   420 ]
490 silly gunzTarPerm extractEntry tools/node_modules/glob/node_modules/once/node_modules/wrappy/package.json
491 silly gunzTarPerm modified mode [ 'tools/node_modules/glob/node_modules/once/node_modules/wrappy/package.json',
491 silly gunzTarPerm   436,
491 silly gunzTarPerm   420 ]
492 silly gunzTarPerm extractEntry tools/node_modules/glob/node_modules/once/node_modules/wrappy/README.md
493 silly gunzTarPerm modified mode [ 'tools/node_modules/glob/node_modules/once/node_modules/wrappy/README.md',
493 silly gunzTarPerm   436,
493 silly gunzTarPerm   420 ]
494 silly gunzTarPerm extractEntry tools/node_modules/glob/node_modules/once/node_modules/wrappy/LICENSE
495 silly gunzTarPerm modified mode [ 'tools/node_modules/glob/node_modules/once/node_modules/wrappy/LICENSE',
495 silly gunzTarPerm   436,
495 silly gunzTarPerm   420 ]
496 silly gunzTarPerm extractEntry tools/node_modules/glob/node_modules/once/node_modules/wrappy/wrappy.js
497 silly gunzTarPerm modified mode [ 'tools/node_modules/glob/node_modules/once/node_modules/wrappy/wrappy.js',
497 silly gunzTarPerm   436,
497 silly gunzTarPerm   420 ]
498 silly gunzTarPerm extractEntry tools/node_modules/glob/node_modules/once/node_modules/wrappy/test/basic.js
499 silly gunzTarPerm modified mode [ 'tools/node_modules/glob/node_modules/once/node_modules/wrappy/test/basic.js',
499 silly gunzTarPerm   436,
499 silly gunzTarPerm   420 ]
500 silly gunzTarPerm extractEntry tools/node_modules/glob/node_modules/path-is-absolute/package.json
501 silly gunzTarPerm modified mode [ 'tools/node_modules/glob/node_modules/path-is-absolute/package.json',
501 silly gunzTarPerm   436,
501 silly gunzTarPerm   420 ]
502 silly gunzTarPerm extractEntry tools/node_modules/glob/node_modules/path-is-absolute/index.js
503 silly gunzTarPerm modified mode [ 'tools/node_modules/glob/node_modules/path-is-absolute/index.js',
503 silly gunzTarPerm   436,
503 silly gunzTarPerm   420 ]
504 silly gunzTarPerm extractEntry tools/node_modules/glob/node_modules/path-is-absolute/license
505 silly gunzTarPerm modified mode [ 'tools/node_modules/glob/node_modules/path-is-absolute/license',
505 silly gunzTarPerm   436,
505 silly gunzTarPerm   420 ]
506 silly gunzTarPerm extractEntry tools/node_modules/glob/node_modules/path-is-absolute/readme.md
507 silly gunzTarPerm modified mode [ 'tools/node_modules/glob/node_modules/path-is-absolute/readme.md',
507 silly gunzTarPerm   436,
507 silly gunzTarPerm   420 ]
508 silly gunzTarPerm extractEntry binding.gyp
509 silly gunzTarPerm modified mode [ 'binding.gyp', 436, 420 ]
510 silly gentlyRm /home/ubuntu/workspace/pelicula/node_modules/.staging/massive-8d42d0d2/node_modules is being purged
511 verbose gentlyRm don't care about contents; nuking /home/ubuntu/workspace/pelicula/node_modules/.staging/massive-8d42d0d2/node_modules
512 silly gentlyRm /home/ubuntu/workspace/pelicula/node_modules/.staging/deasync-70e4b99a/node_modules is being purged
513 verbose gentlyRm don't care about contents; nuking /home/ubuntu/workspace/pelicula/node_modules/.staging/deasync-70e4b99a/node_modules
514 silly gentlyRm /home/ubuntu/workspace/pelicula/node_modules/.staging/nan-36bef109/node_modules is being purged
515 verbose gentlyRm don't care about contents; nuking /home/ubuntu/workspace/pelicula/node_modules/.staging/nan-36bef109/node_modules
516 silly doParallel preinstall 4
517 silly preinstall bindings@1.1.1 /home/ubuntu/workspace/pelicula/node_modules/.staging/bindings-446cbb4e
518 info lifecycle bindings@1.1.1~preinstall: bindings@1.1.1
519 silly preinstall nan@1.9.0 /home/ubuntu/workspace/pelicula/node_modules/.staging/nan-36bef109
520 info lifecycle nan@1.9.0~preinstall: nan@1.9.0
521 silly preinstall deasync@0.0.10 /home/ubuntu/workspace/pelicula/node_modules/.staging/deasync-70e4b99a
522 info lifecycle deasync@0.0.10~preinstall: deasync@0.0.10
523 silly preinstall massive@2.0.4 /home/ubuntu/workspace/pelicula/node_modules/.staging/massive-8d42d0d2
524 info lifecycle massive@2.0.4~preinstall: massive@2.0.4
525 silly lifecycle bindings@1.1.1~preinstall: no script for preinstall, continuing
526 silly lifecycle nan@1.9.0~preinstall: no script for preinstall, continuing
527 silly lifecycle deasync@0.0.10~preinstall: no script for preinstall, continuing
528 silly lifecycle massive@2.0.4~preinstall: no script for preinstall, continuing
529 silly doReverseSerial remove 0
530 silly doSerial move 0
531 silly doSerial finalize 4
532 silly finalize /home/ubuntu/workspace/pelicula/node_modules/deasync/node_modules/bindings
533 silly finalize /home/ubuntu/workspace/pelicula/node_modules/deasync/node_modules/nan
534 silly finalize /home/ubuntu/workspace/pelicula/node_modules/deasync
535 silly finalize /home/ubuntu/workspace/pelicula/node_modules/massive
536 silly doSerial build 4
537 silly build bindings@1.1.1
538 info linkStuff bindings@1.1.1
539 silly linkStuff bindings@1.1.1 has /home/ubuntu/workspace/pelicula/node_modules/deasync/node_modules as its parent node_modules
540 verbose linkBins bindings@1.1.1
541 verbose linkMans bindings@1.1.1
542 silly build nan@1.9.0
543 info linkStuff nan@1.9.0
544 silly linkStuff nan@1.9.0 has /home/ubuntu/workspace/pelicula/node_modules/deasync/node_modules as its parent node_modules
545 verbose linkBins nan@1.9.0
546 verbose linkMans nan@1.9.0
547 silly build deasync@0.0.10
548 info linkStuff deasync@0.0.10
549 silly linkStuff deasync@0.0.10 has /home/ubuntu/workspace/pelicula/node_modules as its parent node_modules
550 verbose linkBins deasync@0.0.10
551 verbose linkMans deasync@0.0.10
552 silly build massive@2.0.4
553 info linkStuff massive@2.0.4
554 silly linkStuff massive@2.0.4 has /home/ubuntu/workspace/pelicula/node_modules as its parent node_modules
555 verbose linkBins massive@2.0.4
556 verbose link bins [ { massive: 'bin/massive.js' },
556 verbose link bins   '/home/ubuntu/workspace/pelicula/node_modules/.bin',
556 verbose link bins   false ]
557 verbose linkMans massive@2.0.4
558 silly doSerial global-link 0
559 silly doParallel update-linked 0
560 silly doSerial install 4
561 silly install bindings@1.1.1 /home/ubuntu/workspace/pelicula/node_modules/.staging/bindings-446cbb4e
562 info lifecycle bindings@1.1.1~install: bindings@1.1.1
563 silly lifecycle bindings@1.1.1~install: no script for install, continuing
564 silly install nan@1.9.0 /home/ubuntu/workspace/pelicula/node_modules/.staging/nan-36bef109
565 info lifecycle nan@1.9.0~install: nan@1.9.0
566 silly lifecycle nan@1.9.0~install: no script for install, continuing
567 silly install deasync@0.0.10 /home/ubuntu/workspace/pelicula/node_modules/.staging/deasync-70e4b99a
568 info lifecycle deasync@0.0.10~install: deasync@0.0.10
569 verbose lifecycle deasync@0.0.10~install: unsafe-perm in lifecycle false
570 verbose lifecycle deasync@0.0.10~install: PATH: /home/ubuntu/.meteor/packages/meteor-tool/.1.4.1_1.139xb76++os.linux.x86_64+web.browser+web.cordova/mt-os.linux.x86_64/dev_bundle/lib/node_modules/npm/bin/node-gyp-bin:/home/ubuntu/workspace/pelicula/node_modules/deasync/node_modules/.bin:/home/ubuntu/workspace/pelicula/node_modules/.bin:/home/ubuntu/.meteor/packages/meteor-tool/.1.4.1_1.139xb76++os.linux.x86_64+web.browser+web.cordova/mt-os.linux.x86_64/dev_bundle/bin:/home/ubuntu/.meteor/packages/meteor-tool/.1.4.1_1.139xb76++os.linux.x86_64+web.browser+web.cordova/mt-os.linux.x86_64/dev_bundle/lib/node_modules/.bin:/home/ubuntu/.nvm/versions/node/v4.5.0/bin:/usr/local/rvm/gems/ruby-2.3.0/bin:/usr/local/rvm/gems/ruby-2.3.0@global/bin:/usr/local/rvm/rubies/ruby-2.3.0/bin:/mnt/shared/bin:/home/ubuntu/workspace/node_modules/.bin:/home/ubuntu/bin:/usr/local/sbin:/usr/local/bin:/usr/sbin:/usr/bin:/sbin:/bin:/mnt/shared/sbin:/opt/gitl:/opt/go/bin:/mnt/shared/c9/app.nw/bin:/usr/local/rvm/bin
571 verbose lifecycle deasync@0.0.10~install: CWD: /home/ubuntu/workspace/pelicula/node_modules/deasync
572 silly lifecycle deasync@0.0.10~install: Args: [ '-c', 'node ./build.js' ]
573 silly lifecycle deasync@0.0.10~install: Returned: code: 1  signal: null
574 info lifecycle deasync@0.0.10~install: Failed to exec install script
575 verbose unlock done using /home/ubuntu/.npm/_locks/staging-bd7e36b4b21ac760.lock for /home/ubuntu/workspace/pelicula/node_modules/.staging
576 silly rollbackFailedOptional Starting
577 silly rollbackFailedOptional Finishing
578 silly runTopLevelLifecycles Starting
579 silly runTopLevelLifecycles Finishing
580 silly install printInstalled
581 verbose stack Error: deasync@0.0.10 install: `node ./build.js`
581 verbose stack Exit status 1
581 verbose stack     at EventEmitter.<anonymous> (/home/ubuntu/.meteor/packages/meteor-tool/.1.4.1_1.139xb76++os.linux.x86_64+web.browser+web.cordova/mt-os.linux.x86_64/dev_bundle/lib/node_modules/npm/lib/utils/lifecycle.js:255:16)
581 verbose stack     at emitTwo (events.js:87:13)
581 verbose stack     at EventEmitter.emit (events.js:172:7)
581 verbose stack     at ChildProcess.<anonymous> (/home/ubuntu/.meteor/packages/meteor-tool/.1.4.1_1.139xb76++os.linux.x86_64+web.browser+web.cordova/mt-os.linux.x86_64/dev_bundle/lib/node_modules/npm/lib/utils/spawn.js:40:14)
581 verbose stack     at emitTwo (events.js:87:13)
581 verbose stack     at ChildProcess.emit (events.js:172:7)
581 verbose stack     at maybeClose (internal/child_process.js:829:16)
581 verbose stack     at Process.ChildProcess._handle.onexit (internal/child_process.js:211:5)
582 verbose pkgid deasync@0.0.10
583 verbose cwd /home/ubuntu/workspace/pelicula
584 error Linux 4.2.0-c9
585 error argv "/home/ubuntu/.meteor/packages/meteor-tool/.1.4.1_1.139xb76++os.linux.x86_64+web.browser+web.cordova/mt-os.linux.x86_64/dev_bundle/bin/node" "/home/ubuntu/.meteor/packages/meteor-tool/.1.4.1_1.139xb76++os.linux.x86_64+web.browser+web.cordova/mt-os.linux.x86_64/dev_bundle/bin/npm" "install"
586 error node v4.5.0
587 error npm  v3.10.6
588 error code ELIFECYCLE
589 error deasync@0.0.10 install: `node ./build.js`
589 error Exit status 1
590 error Failed at the deasync@0.0.10 install script 'node ./build.js'.
590 error Make sure you have the latest version of node.js and npm installed.
590 error If you do, this is most likely a problem with the deasync package,
590 error not with npm itself.
590 error Tell the author that this fails on your system:
590 error     node ./build.js
590 error You can get information on how to open an issue for this project with:
590 error     npm bugs deasync
590 error Or if that isn't available, you can get their info via:
590 error     npm owner ls deasync
590 error There is likely additional logging output above.
591 verbose exit [ 1, true ]
